-- Install configuration: ""
-- Up-to-date: /home/user/summit_ws/install/summit_description/share/summit_description/urdf
-- Up-to-date: /home/user/summit_ws/install/summit_description/share/summit_description/urdf/base
-- Up-to-date: /home/user/summit_ws/install/summit_description/share/summit_description/urdf/base/summit_base.gazebo.xacro
-- Up-to-date: /home/user/summit_ws/install/summit_description/share/summit_description/urdf/base/summit_base.urdf.xacro
-- Up-to-date: /home/user/summit_ws/install/summit_description/share/summit_description/urdf/wheels
-- Up-to-date: /home/user/summit_ws/install/summit_description/share/summit_description/urdf/wheels/omni_wheel.urdf.xacro
-- Up-to-date: /home/user/summit_ws/install/summit_description/share/summit_description/urdf/summit.urdf.xacro
-- Up-to-date: /home/user/summit_ws/install/summit_description/share/summit_description/meshes
-- Up-to-date: /home/user/summit_ws/install/summit_description/share/summit_description/meshes/base
-- Up-to-date: /home/user/summit_ws/install/summit_description/share/summit_description/meshes/base/summit_base.dae
-- Up-to-date: /home/user/summit_ws/install/summit_description/share/summit_description/meshes/wheels
-- Up-to-date: /home/user/summit_ws/install/summit_description/share/summit_description/meshes/wheels/omni_wheel_2.dae
-- Up-to-date: /home/user/summit_ws/install/summit_description/share/summit_description/meshes/wheels/omni_wheel_1.dae
-- Up-to-date: /home/user/summit_ws/install/summit_description/share/summit_description/launch
-- Installing: /home/user/summit_ws/install/summit_description/share/summit_description/launch/summit_launch.py
-- Up-to-date: /home/user/summit_ws/install/summit_description/share/summit_description/config
-- Up-to-date: /home/user/summit_ws/install/summit_description/share/ament_index/resource_index/package_run_dependencies/summit_description
-- Up-to-date: /home/user/summit_ws/install/summit_description/share/ament_index/resource_index/parent_prefix_path/summit_description
-- Up-to-date: /home/user/summit_ws/install/summit_description/share/summit_description/environment/ament_prefix_path.sh
-- Up-to-date: /home/user/summit_ws/install/summit_description/share/summit_description/environment/ament_prefix_path.dsv
-- Up-to-date: /home/user/summit_ws/install/summit_description/share/summit_description/environment/path.sh
-- Up-to-date: /home/user/summit_ws/install/summit_description/share/summit_description/environment/path.dsv
-- Up-to-date: /home/user/summit_ws/install/summit_description/share/summit_description/local_setup.bash
-- Up-to-date: /home/user/summit_ws/install/summit_description/share/summit_description/local_setup.sh
-- Up-to-date: /home/user/summit_ws/install/summit_description/share/summit_description/local_setup.zsh
-- Up-to-date: /home/user/summit_ws/install/summit_description/share/summit_description/local_setup.dsv
-- Up-to-date: /home/user/summit_ws/install/summit_description/share/summit_description/package.dsv
-- Up-to-date: /home/user/summit_ws/install/summit_description/share/ament_index/resource_index/packages/summit_description
-- Up-to-date: /home/user/summit_ws/install/summit_description/share/summit_description/cmake/summit_descriptionConfig.cmake
-- Up-to-date: /home/user/summit_ws/install/summit_description/share/summit_description/cmake/summit_descriptionConfig-version.cmake
-- Up-to-date: /home/user/summit_ws/install/summit_description/share/summit_description/package.xml
