[16.970s] DEBUG:colcon:Command line arguments: ['/usr/bin/colcon', 'build']
[16.970s] DEBUG:colcon:Parsed command line arguments: Namespace(log_base=None, log_level=None, verb_name='build', build_base='build', install_base='install', merge_install=False, symlink_install=False, test_result_base=None, continue_on_error=False, executor='parallel', parallel_workers=8, event_handlers=None, ignore_user_meta=False, metas=['./colcon.meta'], base_paths=['.'], packages_ignore=None, packages_ignore_regex=None, paths=None, packages_up_to=None, packages_up_to_regex=None, packages_above=None, packages_above_and_dependencies=None, packages_above_depth=None, packages_select_by_dep=None, packages_skip_by_dep=None, packages_skip_up_to=None, packages_select_build_failed=False, packages_skip_build_finished=False, packages_select_test_failures=False, packages_skip_test_passed=False, packages_select=None, packages_skip=None, packages_select_regex=None, packages_skip_regex=None, packages_start=None, packages_end=None, cmake_args=None, cmake_target=None, cmake_target_skip_unavailable=False, cmake_clean_cache=False, cmake_clean_first=False, cmake_force_configure=False, ament_cmake_args=None, catkin_cmake_args=None, catkin_skip_building_tests=False, mixin_files=None, mixin=None, verb_parser=<colcon_mixin.mixin.mixin_argument.MixinArgumentDecorator object at 0x7f9c6755a350>, verb_extension=<colcon_core.verb.build.BuildVerb object at 0x7f9c6773a110>, main=<bound method BuildVerb.main of <colcon_core.verb.build.BuildVerb object at 0x7f9c6773a110>>, mixin_verb=('build',))
[18.106s] Level 1:colcon.colcon_core.package_discovery:discover_packages(colcon_meta) check parameters
[18.107s] Level 1:colcon.colcon_core.package_discovery:discover_packages(recursive) check parameters
[18.107s] Level 1:colcon.colcon_core.package_discovery:discover_packages(ignore) check parameters
[18.107s] Level 1:colcon.colcon_core.package_discovery:discover_packages(path) check parameters
[18.107s] Level 1:colcon.colcon_core.package_discovery:discover_packages(colcon_meta) discover
[18.107s] Level 1:colcon.colcon_core.package_discovery:discover_packages(recursive) discover
[18.107s] INFO:colcon.colcon_core.package_discovery:Crawling recursively for packages in '/home/user/summit_ws'
[18.107s] Level 1:colcon.colcon_core.package_identification:_identify(.) by extensions ['ignore', 'ignore_ament_install']
[18.107s] Level 1:colcon.colcon_core.package_identification:_identify(.) by extension 'ignore'
[18.107s] Level 1:colcon.colcon_core.package_identification:_identify(.) by extension 'ignore_ament_install'
[18.108s] Level 1:colcon.colcon_core.package_identification:_identify(.) by extensions ['colcon_pkg']
[18.108s] Level 1:colcon.colcon_core.package_identification:_identify(.) by extension 'colcon_pkg'
[18.108s] Level 1:colcon.colcon_core.package_identification:_identify(.) by extensions ['colcon_meta']
[18.108s] Level 1:colcon.colcon_core.package_identification:_identify(.) by extension 'colcon_meta'
[18.108s] Level 1:colcon.colcon_core.package_identification:_identify(.) by extensions ['ros']
[18.108s] Level 1:colcon.colcon_core.package_identification:_identify(.) by extension 'ros'
[18.138s] Level 1:colcon.colcon_core.package_identification:_identify(.) by extensions ['cmake', 'python']
[18.138s] Level 1:colcon.colcon_core.package_identification:_identify(.) by extension 'cmake'
[18.138s] Level 1:colcon.colcon_core.package_identification:_identify(.) by extension 'python'
[18.138s] Level 1:colcon.colcon_core.package_identification:_identify(.) by extensions ['python_setup_py']
[18.138s] Level 1:colcon.colcon_core.package_identification:_identify(.) by extension 'python_setup_py'
[18.138s] Level 1:colcon.colcon_core.package_identification:_identify(build) by extensions ['ignore', 'ignore_ament_install']
[18.138s] Level 1:colcon.colcon_core.package_identification:_identify(build) by extension 'ignore'
[18.138s] Level 1:colcon.colcon_core.package_identification:_identify(build) ignored
[18.139s] Level 1:colcon.colcon_core.package_identification:_identify(install) by extensions ['ignore', 'ignore_ament_install']
[18.139s] Level 1:colcon.colcon_core.package_identification:_identify(install) by extension 'ignore'
[18.139s] Level 1:colcon.colcon_core.package_identification:_identify(install) ignored
[18.139s] Level 1:colcon.colcon_core.package_identification:_identify(log) by extensions ['ignore', 'ignore_ament_install']
[18.139s] Level 1:colcon.colcon_core.package_identification:_identify(log) by extension 'ignore'
[18.139s] Level 1:colcon.colcon_core.package_identification:_identify(log) ignored
[18.139s] Level 1:colcon.colcon_core.package_identification:_identify(src) by extensions ['ignore', 'ignore_ament_install']
[18.139s] Level 1:colcon.colcon_core.package_identification:_identify(src) by extension 'ignore'
[18.139s] Level 1:colcon.colcon_core.package_identification:_identify(src) by extension 'ignore_ament_install'
[18.139s] Level 1:colcon.colcon_core.package_identification:_identify(src) by extensions ['colcon_pkg']
[18.139s] Level 1:colcon.colcon_core.package_identification:_identify(src) by extension 'colcon_pkg'
[18.140s] Level 1:colcon.colcon_core.package_identification:_identify(src) by extensions ['colcon_meta']
[18.140s] Level 1:colcon.colcon_core.package_identification:_identify(src) by extension 'colcon_meta'
[18.140s] Level 1:colcon.colcon_core.package_identification:_identify(src) by extensions ['ros']
[18.140s] Level 1:colcon.colcon_core.package_identification:_identify(src) by extension 'ros'
[18.140s] Level 1:colcon.colcon_core.package_identification:_identify(src) by extensions ['cmake', 'python']
[18.140s] Level 1:colcon.colcon_core.package_identification:_identify(src) by extension 'cmake'
[18.140s] Level 1:colcon.colcon_core.package_identification:_identify(src) by extension 'python'
[18.140s] Level 1:colcon.colcon_core.package_identification:_identify(src) by extensions ['python_setup_py']
[18.140s] Level 1:colcon.colcon_core.package_identification:_identify(src) by extension 'python_setup_py'
[18.140s] Level 1:colcon.colcon_core.package_identification:_identify(src/summit_description) by extensions ['ignore', 'ignore_ament_install']
[18.140s] Level 1:colcon.colcon_core.package_identification:_identify(src/summit_description) by extension 'ignore'
[18.140s] Level 1:colcon.colcon_core.package_identification:_identify(src/summit_description) by extension 'ignore_ament_install'
[18.141s] Level 1:colcon.colcon_core.package_identification:_identify(src/summit_description) by extensions ['colcon_pkg']
[18.141s] Level 1:colcon.colcon_core.package_identification:_identify(src/summit_description) by extension 'colcon_pkg'
[18.141s] Level 1:colcon.colcon_core.package_identification:_identify(src/summit_description) by extensions ['colcon_meta']
[18.141s] Level 1:colcon.colcon_core.package_identification:_identify(src/summit_description) by extension 'colcon_meta'
[18.141s] Level 1:colcon.colcon_core.package_identification:_identify(src/summit_description) by extensions ['ros']
[18.141s] Level 1:colcon.colcon_core.package_identification:_identify(src/summit_description) by extension 'ros'
[18.266s] DEBUG:colcon.colcon_core.package_identification:Package 'src/summit_description' with type 'ros.ament_cmake' and name 'summit_description'
[18.266s] Level 1:colcon.colcon_core.package_discovery:discover_packages(recursive) using defaults
[18.266s] Level 1:colcon.colcon_core.package_discovery:discover_packages(ignore) discover
[18.266s] Level 1:colcon.colcon_core.package_discovery:discover_packages(ignore) using defaults
[18.266s] Level 1:colcon.colcon_core.package_discovery:discover_packages(path) discover
[18.266s] Level 1:colcon.colcon_core.package_discovery:discover_packages(path) using defaults
[18.404s] Level 5:colcon.colcon_core.verb:set package 'summit_description' build argument 'cmake_args' from command line to 'None'
[18.404s] Level 5:colcon.colcon_core.verb:set package 'summit_description' build argument 'cmake_target' from command line to 'None'
[18.404s] Level 5:colcon.colcon_core.verb:set package 'summit_description' build argument 'cmake_target_skip_unavailable' from command line to 'False'
[18.404s] Level 5:colcon.colcon_core.verb:set package 'summit_description' build argument 'cmake_clean_cache' from command line to 'False'
[18.404s] Level 5:colcon.colcon_core.verb:set package 'summit_description' build argument 'cmake_clean_first' from command line to 'False'
[18.404s] Level 5:colcon.colcon_core.verb:set package 'summit_description' build argument 'cmake_force_configure' from command line to 'False'
[18.404s] Level 5:colcon.colcon_core.verb:set package 'summit_description' build argument 'ament_cmake_args' from command line to 'None'
[18.404s] Level 5:colcon.colcon_core.verb:set package 'summit_description' build argument 'catkin_cmake_args' from command line to 'None'
[18.404s] Level 5:colcon.colcon_core.verb:set package 'summit_description' build argument 'catkin_skip_building_tests' from command line to 'False'
[18.404s] DEBUG:colcon.colcon_core.verb:Building package 'summit_description' with the following arguments: {'ament_cmake_args': None, 'build_base': '/home/user/summit_ws/build/summit_description', 'catkin_cmake_args': None, 'catkin_skip_building_tests': False, 'cmake_args': None, 'cmake_clean_cache': False, 'cmake_clean_first': False, 'cmake_force_configure': False, 'cmake_target': None, 'cmake_target_skip_unavailable': False, 'install_base': '/home/user/summit_ws/install/summit_description', 'merge_install': False, 'path': '/home/user/summit_ws/src/summit_description', 'symlink_install': False, 'test_result_base': None}
[18.405s] INFO:colcon.colcon_core.executor:Executing jobs using 'parallel' executor
[18.410s] DEBUG:colcon.colcon_parallel_executor.executor.parallel:run_until_complete
[18.410s] INFO:colcon.colcon_ros.task.ament_cmake.build:Building ROS package in '/home/user/summit_ws/src/summit_description' with build type 'ament_cmake'
[18.411s] INFO:colcon.colcon_cmake.task.cmake.build:Building CMake package in '/home/user/summit_ws/src/summit_description'
[18.427s] INFO:colcon.colcon_core.plugin_system:Skipping extension 'colcon_core.shell.bat': Not used on non-Windows systems
[18.427s] INFO:colcon.colcon_core.shell:Skip shell extension 'powershell' for command environment: Not usable outside of PowerShell
[18.427s] DEBUG:colcon.colcon_core.shell:Skip shell extension 'dsv' for command environment
[18.447s] DEBUG:colcon.colcon_core.event_handler.log_command:Invoking command in '/home/user/summit_ws/build/summit_description': CMAKE_PREFIX_PATH=/opt/ros/iron _=/usr/bin/env /usr/bin/cmake --build /home/user/summit_ws/build/summit_description -- -j8 -l8
[21.669s] DEBUG:colcon.colcon_core.event_handler.log_command:Invoked command in '/home/user/summit_ws/build/summit_description' returned '0': CMAKE_PREFIX_PATH=/opt/ros/iron _=/usr/bin/env /usr/bin/cmake --build /home/user/summit_ws/build/summit_description -- -j8 -l8
[21.737s] DEBUG:colcon.colcon_core.event_handler.log_command:Invoking command in '/home/user/summit_ws/build/summit_description': CMAKE_PREFIX_PATH=/opt/ros/iron _=/usr/bin/env /usr/bin/cmake --install /home/user/summit_ws/build/summit_description
[21.748s] Level 1:colcon.colcon_core.environment:create_environment_scripts_only(summit_description)
[21.750s] DEBUG:colcon.colcon_core.event_handler.log_command:Invoked command in '/home/user/summit_ws/build/summit_description' returned '0': CMAKE_PREFIX_PATH=/opt/ros/iron _=/usr/bin/env /usr/bin/cmake --install /home/user/summit_ws/build/summit_description
[21.770s] Level 1:colcon.colcon_core.environment:checking '/home/user/summit_ws/install/summit_description' for CMake module files
[21.771s] Level 1:colcon.colcon_core.environment:checking '/home/user/summit_ws/install/summit_description' for CMake config files
[21.771s] Level 1:colcon.colcon_core.shell:create_environment_hook('summit_description', 'cmake_prefix_path')
[21.773s] INFO:colcon.colcon_core.shell:Creating environment hook '/home/user/summit_ws/install/summit_description/share/summit_description/hook/cmake_prefix_path.ps1'
[21.776s] INFO:colcon.colcon_core.shell:Creating environment descriptor '/home/user/summit_ws/install/summit_description/share/summit_description/hook/cmake_prefix_path.dsv'
[21.777s] INFO:colcon.colcon_core.shell:Creating environment hook '/home/user/summit_ws/install/summit_description/share/summit_description/hook/cmake_prefix_path.sh'
[21.779s] Level 1:colcon.colcon_core.environment:checking '/home/user/summit_ws/install/summit_description/bin'
[21.779s] Level 1:colcon.colcon_core.environment:checking '/home/user/summit_ws/install/summit_description/lib/pkgconfig/summit_description.pc'
[21.782s] Level 1:colcon.colcon_core.environment:checking '/home/user/summit_ws/install/summit_description/lib/python3.10/site-packages'
[21.783s] Level 1:colcon.colcon_core.environment:checking '/home/user/summit_ws/install/summit_description/bin'
[21.785s] INFO:colcon.colcon_core.shell:Creating package script '/home/user/summit_ws/install/summit_description/share/summit_description/package.ps1'
[21.787s] INFO:colcon.colcon_core.shell:Creating package descriptor '/home/user/summit_ws/install/summit_description/share/summit_description/package.dsv'
[21.788s] INFO:colcon.colcon_core.shell:Creating package script '/home/user/summit_ws/install/summit_description/share/summit_description/package.sh'
[21.789s] INFO:colcon.colcon_core.shell:Creating package script '/home/user/summit_ws/install/summit_description/share/summit_description/package.bash'
[21.791s] INFO:colcon.colcon_core.shell:Creating package script '/home/user/summit_ws/install/summit_description/share/summit_description/package.zsh'
[21.793s] Level 1:colcon.colcon_core.environment:create_file_with_runtime_dependencies(/home/user/summit_ws/install/summit_description/share/colcon-core/packages/summit_description)
[21.849s] Level 1:colcon.colcon_core.environment:create_environment_scripts_only(summit_description)
[21.851s] Level 1:colcon.colcon_core.environment:checking '/home/user/summit_ws/install/summit_description' for CMake module files
[21.852s] Level 1:colcon.colcon_core.environment:checking '/home/user/summit_ws/install/summit_description' for CMake config files
[21.852s] Level 1:colcon.colcon_core.shell:create_environment_hook('summit_description', 'cmake_prefix_path')
[21.855s] INFO:colcon.colcon_core.shell:Creating environment hook '/home/user/summit_ws/install/summit_description/share/summit_description/hook/cmake_prefix_path.ps1'
[21.856s] INFO:colcon.colcon_core.shell:Creating environment descriptor '/home/user/summit_ws/install/summit_description/share/summit_description/hook/cmake_prefix_path.dsv'
[21.856s] INFO:colcon.colcon_core.shell:Creating environment hook '/home/user/summit_ws/install/summit_description/share/summit_description/hook/cmake_prefix_path.sh'
[21.858s] Level 1:colcon.colcon_core.environment:checking '/home/user/summit_ws/install/summit_description/bin'
[21.858s] Level 1:colcon.colcon_core.environment:checking '/home/user/summit_ws/install/summit_description/lib/pkgconfig/summit_description.pc'
[21.859s] Level 1:colcon.colcon_core.environment:checking '/home/user/summit_ws/install/summit_description/lib/python3.10/site-packages'
[21.860s] Level 1:colcon.colcon_core.environment:checking '/home/user/summit_ws/install/summit_description/bin'
[21.863s] INFO:colcon.colcon_core.shell:Creating package script '/home/user/summit_ws/install/summit_description/share/summit_description/package.ps1'
[21.864s] INFO:colcon.colcon_core.shell:Creating package descriptor '/home/user/summit_ws/install/summit_description/share/summit_description/package.dsv'
[21.865s] INFO:colcon.colcon_core.shell:Creating package script '/home/user/summit_ws/install/summit_description/share/summit_description/package.sh'
[21.865s] INFO:colcon.colcon_core.shell:Creating package script '/home/user/summit_ws/install/summit_description/share/summit_description/package.bash'
[21.866s] INFO:colcon.colcon_core.shell:Creating package script '/home/user/summit_ws/install/summit_description/share/summit_description/package.zsh'
[21.867s] Level 1:colcon.colcon_core.environment:create_file_with_runtime_dependencies(/home/user/summit_ws/install/summit_description/share/colcon-core/packages/summit_description)
[21.867s] DEBUG:colcon.colcon_parallel_executor.executor.parallel:closing loop
[21.868s] DEBUG:colcon.colcon_parallel_executor.executor.parallel:loop closed
[21.868s] DEBUG:colcon.colcon_parallel_executor.executor.parallel:run_until_complete finished with '0'
[21.868s] DEBUG:colcon.colcon_core.event_reactor:joining thread
[22.034s] INFO:colcon.colcon_core.plugin_system:Skipping extension 'colcon_notification.desktop_notification.notify_send': Could not find 'notify-send'
[22.035s] INFO:colcon.colcon_core.plugin_system:Skipping extension 'colcon_notification.desktop_notification.terminal_notifier': Not used on non-Darwin systems
[22.035s] INFO:colcon.colcon_core.plugin_system:Skipping extension 'colcon_notification.desktop_notification.win32': Not used on non-Windows systems
[22.035s] INFO:colcon.colcon_notification.desktop_notification:Sending desktop notification using 'notify2'
[22.037s] DEBUG:colcon.colcon_notification.desktop_notification.notify2:Failed to initialize notify2: org.freedesktop.DBus.Error.Spawn.ExecFailed: /usr/bin/dbus-launch terminated abnormally without any error message
[22.038s] DEBUG:colcon.colcon_core.event_reactor:joined thread
[22.040s] INFO:colcon.colcon_core.shell:Creating prefix script '/home/user/summit_ws/install/local_setup.ps1'
[22.041s] INFO:colcon.colcon_core.shell:Creating prefix util module '/home/user/summit_ws/install/_local_setup_util_ps1.py'
[22.043s] INFO:colcon.colcon_core.shell:Creating prefix chain script '/home/user/summit_ws/install/setup.ps1'
[22.045s] INFO:colcon.colcon_core.shell:Creating prefix script '/home/user/summit_ws/install/local_setup.sh'
[22.046s] INFO:colcon.colcon_core.shell:Creating prefix util module '/home/user/summit_ws/install/_local_setup_util_sh.py'
[22.047s] INFO:colcon.colcon_core.shell:Creating prefix chain script '/home/user/summit_ws/install/setup.sh'
[22.049s] INFO:colcon.colcon_core.shell:Creating prefix script '/home/user/summit_ws/install/local_setup.bash'
[22.050s] INFO:colcon.colcon_core.shell:Creating prefix chain script '/home/user/summit_ws/install/setup.bash'
[22.051s] INFO:colcon.colcon_core.shell:Creating prefix script '/home/user/summit_ws/install/local_setup.zsh'
[22.053s] INFO:colcon.colcon_core.shell:Creating prefix chain script '/home/user/summit_ws/install/setup.zsh'
