[0.035s] Invoking command in '/home/user/summit_ws/build/summit_description': CMAKE_PREFIX_PATH=/opt/ros/iron _=/usr/bin/env /usr/bin/cmake --build /home/user/summit_ws/build/summit_description -- -j8 -l8
[3.257s] Invoked command in '/home/user/summit_ws/build/summit_description' returned '0': CMAKE_PREFIX_PATH=/opt/ros/iron _=/usr/bin/env /usr/bin/cmake --build /home/user/summit_ws/build/summit_description -- -j8 -l8
[3.325s] Invoking command in '/home/user/summit_ws/build/summit_description': CMAKE_PREFIX_PATH=/opt/ros/iron _=/usr/bin/env /usr/bin/cmake --install /home/user/summit_ws/build/summit_description
[3.333s] -- Install configuration: ""
[3.333s] -- Up-to-date: /home/user/summit_ws/install/summit_description/share/summit_description/urdf
[3.333s] -- Up-to-date: /home/user/summit_ws/install/summit_description/share/summit_description/urdf/base
[3.334s] -- Up-to-date: /home/user/summit_ws/install/summit_description/share/summit_description/urdf/base/summit_base.gazebo.xacro
[3.334s] -- Up-to-date: /home/user/summit_ws/install/summit_description/share/summit_description/urdf/base/summit_base.urdf.xacro
[3.334s] -- Up-to-date: /home/user/summit_ws/install/summit_description/share/summit_description/urdf/wheels
[3.334s] -- Up-to-date: /home/user/summit_ws/install/summit_description/share/summit_description/urdf/wheels/omni_wheel.urdf.xacro
[3.334s] -- Up-to-date: /home/user/summit_ws/install/summit_description/share/summit_description/urdf/summit.urdf.xacro
[3.334s] -- Up-to-date: /home/user/summit_ws/install/summit_description/share/summit_description/meshes
[3.334s] -- Up-to-date: /home/user/summit_ws/install/summit_description/share/summit_description/meshes/base
[3.334s] -- Up-to-date: /home/user/summit_ws/install/summit_description/share/summit_description/meshes/base/summit_base.dae
[3.334s] -- Up-to-date: /home/user/summit_ws/install/summit_description/share/summit_description/meshes/wheels
[3.335s] -- Up-to-date: /home/user/summit_ws/install/summit_description/share/summit_description/meshes/wheels/omni_wheel_2.dae
[3.335s] -- Up-to-date: /home/user/summit_ws/install/summit_description/share/summit_description/meshes/wheels/omni_wheel_1.dae
[3.335s] -- Up-to-date: /home/user/summit_ws/install/summit_description/share/summit_description/launch
[3.335s] -- Up-to-date: /home/user/summit_ws/install/summit_description/share/summit_description/launch/summit_launch.py
[3.335s] -- Up-to-date: /home/user/summit_ws/install/summit_description/share/summit_description/config
[3.335s] -- Up-to-date: /home/user/summit_ws/install/summit_description/share/ament_index/resource_index/package_run_dependencies/summit_description
[3.335s] -- Up-to-date: /home/user/summit_ws/install/summit_description/share/ament_index/resource_index/parent_prefix_path/summit_description
[3.335s] -- Up-to-date: /home/user/summit_ws/install/summit_description/share/summit_description/environment/ament_prefix_path.sh
[3.335s] -- Up-to-date: /home/user/summit_ws/install/summit_description/share/summit_description/environment/ament_prefix_path.dsv
[3.335s] -- Up-to-date: /home/user/summit_ws/install/summit_description/share/summit_description/environment/path.sh
[3.335s] -- Up-to-date: /home/user/summit_ws/install/summit_description/share/summit_description/environment/path.dsv
[3.335s] -- Up-to-date: /home/user/summit_ws/install/summit_description/share/summit_description/local_setup.bash
[3.335s] -- Up-to-date: /home/user/summit_ws/install/summit_description/share/summit_description/local_setup.sh
[3.336s] -- Up-to-date: /home/user/summit_ws/install/summit_description/share/summit_description/local_setup.zsh
[3.337s] -- Up-to-date: /home/user/summit_ws/install/summit_description/share/summit_description/local_setup.dsv
[3.337s] -- Installing: /home/user/summit_ws/install/summit_description/share/summit_description/package.dsv
[3.338s] -- Up-to-date: /home/user/summit_ws/install/summit_description/share/ament_index/resource_index/packages/summit_description
[3.338s] -- Up-to-date: /home/user/summit_ws/install/summit_description/share/summit_description/cmake/summit_descriptionConfig.cmake
[3.338s] -- Up-to-date: /home/user/summit_ws/install/summit_description/share/summit_description/cmake/summit_descriptionConfig-version.cmake
[3.338s] -- Up-to-date: /home/user/summit_ws/install/summit_description/share/summit_description/package.xml
[3.338s] Invoked command in '/home/user/summit_ws/build/summit_description' returned '0': CMAKE_PREFIX_PATH=/opt/ros/iron _=/usr/bin/env /usr/bin/cmake --install /home/user/summit_ws/build/summit_description
